<?xml version="1.0" encoding="UTF-8"?>
<testsuite name="com.ericsson.deviceaccess.coap.basedriver.util.LinkFormatReaderTest" time="0" tests="1" errors="0" skipped="0" failures="0">
  <properties>
    <property name="java.runtime.name" value="Java(TM) SE Runtime Environment"/>
    <property name="sun.boot.library.path" value="/home/tktl-csfs/fs2/home/aopkarja/jdk1.8.0/jre/lib/amd64"/>
    <property name="java.vm.version" value="25.0-b70"/>
    <property name="user.country.format" value="FI"/>
    <property name="java.vm.vendor" value="Oracle Corporation"/>
    <property name="java.vendor.url" value="http://java.oracle.com/"/>
    <property name="path.separator" value=":"/>
    <property name="guice.disable.misplaced.annotation.check" value="true"/>
    <property name="java.vm.name" value="Java HotSpot(TM) 64-Bit Server VM"/>
    <property name="file.encoding.pkg" value="sun.io"/>
    <property name="user.country" value="GB"/>
    <property name="sun.java.launcher" value="SUN_STANDARD"/>
    <property name="sun.os.patch.level" value="unknown"/>
    <property name="java.vm.specification.name" value="Java Virtual Machine Specification"/>
    <property name="user.dir" value="/home/tktl-csfs/fs2/home/aopkarja/git/iotgateway"/>
    <property name="java.runtime.version" value="1.8.0-b132"/>
    <property name="java.awt.graphicsenv" value="sun.awt.X11GraphicsEnvironment"/>
    <property name="java.endorsed.dirs" value="/home/tktl-csfs/fs2/home/aopkarja/jdk1.8.0/jre/lib/endorsed"/>
    <property name="os.arch" value="amd64"/>
    <property name="java.io.tmpdir" value="/tmp"/>
    <property name="line.separator" value="&#10;"/>
    <property name="java.vm.specification.vendor" value="Oracle Corporation"/>
    <property name="os.name" value="Linux"/>
    <property name="maven.ext.class.path" value="/home/aopkarja/CSFiles/Programs/netbeans/java/maven-nblib/netbeans-eventspy.jar"/>
    <property name="classworlds.conf" value="/home/aopkarja/CSFiles/Programs/netbeans/java/maven/bin/m2.conf"/>
    <property name="sun.jnu.encoding" value="UTF-8"/>
    <property name="java.library.path" value="/home/aopkarja/CSFiles/jdk1.8.0/jre/lib/amd64:/home/aopkarja/CSFiles/jdk1.8.0/jre/lib/i386::/usr/java/packages/lib/amd64:/usr/lib64:/lib64:/lib:/usr/lib"/>
    <property name="java.specification.name" value="Java Platform API Specification"/>
    <property name="java.class.version" value="52.0"/>
    <property name="sun.management.compiler" value="HotSpot 64-Bit Tiered Compilers"/>
    <property name="os.version" value="3.2.0-65-generic"/>
    <property name="user.home" value="/home/aopkarja"/>
    <property name="user.timezone" value="Europe/Helsinki"/>
    <property name="java.awt.printerjob" value="sun.print.PSPrinterJob"/>
    <property name="java.specification.version" value="1.8"/>
    <property name="file.encoding" value="UTF-8"/>
    <property name="user.name" value="aopkarja"/>
    <property name="java.class.path" value="/home/aopkarja/CSFiles/Programs/netbeans/java/maven/boot/plexus-classworlds-2.4.jar"/>
    <property name="java.vm.specification.version" value="1.8"/>
    <property name="sun.arch.data.model" value="64"/>
    <property name="java.home" value="/home/tktl-csfs/fs2/home/aopkarja/jdk1.8.0/jre"/>
    <property name="sun.java.command" value="org.codehaus.plexus.classworlds.launcher.Launcher -f /home/aopkarja/git/iotgateway/pom.xml -Dmaven.ext.class.path=/home/aopkarja/CSFiles/Programs/netbeans/java/maven-nblib/netbeans-eventspy.jar install"/>
    <property name="java.specification.vendor" value="Oracle Corporation"/>
    <property name="user.language" value="en"/>
    <property name="user.language.format" value="fi"/>
    <property name="awt.toolkit" value="sun.awt.X11.XToolkit"/>
    <property name="java.vm.info" value="mixed mode"/>
    <property name="java.version" value="1.8.0"/>
    <property name="java.ext.dirs" value="/home/tktl-csfs/fs2/home/aopkarja/jdk1.8.0/jre/lib/ext:/usr/java/packages/lib/ext"/>
    <property name="securerandom.source" value="file:/dev/./urandom"/>
    <property name="sun.boot.class.path" value="/home/tktl-csfs/fs2/home/aopkarja/jdk1.8.0/jre/lib/resources.jar:/home/tktl-csfs/fs2/home/aopkarja/jdk1.8.0/jre/lib/rt.jar:/home/tktl-csfs/fs2/home/aopkarja/jdk1.8.0/jre/lib/sunrsasign.jar:/home/tktl-csfs/fs2/home/aopkarja/jdk1.8.0/jre/lib/jsse.jar:/home/tktl-csfs/fs2/home/aopkarja/jdk1.8.0/jre/lib/jce.jar:/home/tktl-csfs/fs2/home/aopkarja/jdk1.8.0/jre/lib/charsets.jar:/home/tktl-csfs/fs2/home/aopkarja/jdk1.8.0/jre/lib/jfr.jar:/home/tktl-csfs/fs2/home/aopkarja/jdk1.8.0/jre/classes"/>
    <property name="java.vendor" value="Oracle Corporation"/>
    <property name="maven.home" value="/home/aopkarja/CSFiles/Programs/netbeans/java/maven"/>
    <property name="file.separator" value="/"/>
    <property name="java.vendor.url.bug" value="http://bugreport.sun.com/bugreport/"/>
    <property name="sun.cpu.endian" value="little"/>
    <property name="sun.io.unicode.encoding" value="UnicodeLittle"/>
    <property name="sun.desktop" value="gnome"/>
    <property name="sun.cpu.isalist" value=""/>
  </properties>
  <testcase name="testParseLinkFormatData" classname="com.ericsson.deviceaccess.coap.basedriver.util.LinkFormatReaderTest" time="0"/>
</testsuite>